[Sat Jul 12 15:24:58 EAT 2025]
ERROR: 2
WARNING: 1
FAILED: 1
------------------------
[Sat Jul 12 16:36:00 EAT 2025]
ERROR: 2
WARNING: 1
FAILED: 1
------------------------
[Sat Jul 12 16:37:00 EAT 2025]
ERROR: 2
WARNING: 1
FAILED: 1
------------------------
[Sat Jul 12 16:38:00 EAT 2025]
ERROR: 2
WARNING: 1
FAILED: 1
------------------------
[Sat Jul 12 16:39:00 EAT 2025]
ERROR: 2
WARNING: 1
FAILED: 1
------------------------
[Sat Jul 12 16:40:00 EAT 2025]
ERROR: 2
WARNING: 1
FAILED: 1
------------------------
[Sat Jul 12 16:41:00 EAT 2025]
ERROR: 2
WARNING: 1
FAILED: 1
------------------------
[Sat Jul 12 16:42:00 EAT 2025]
ERROR: 2
WARNING: 1
FAILED: 1
------------------------
[Sat Jul 12 16:43:00 EAT 2025]
ERROR: 2
WARNING: 1
FAILED: 1
------------------------
[Sat Jul 12 16:44:00 EAT 2025]
ERROR: 2
WARNING: 1
FAILED: 1
------------------------
[Sat Jul 12 16:45:00 EAT 2025]
ERROR: 2
WARNING: 1
FAILED: 1
------------------------
[Sat Jul 12 16:46:00 EAT 2025]
ERROR: 2
WARNING: 1
FAILED: 1
------------------------
[Sat Jul 12 16:47:00 EAT 2025]
ERROR: 2
WARNING: 1
FAILED: 1
------------------------
[Sat Jul 12 16:48:00 EAT 2025]
ERROR: 2
WARNING: 1
FAILED: 1
------------------------
[Sat Jul 12 16:49:00 EAT 2025]
ERROR: 2
WARNING: 1
FAILED: 1
------------------------
[Sat Jul 12 16:50:00 EAT 2025]
ERROR: 2
WARNING: 1
FAILED: 1
------------------------
[Sat Jul 12 16:51:00 EAT 2025]
ERROR: 2
WARNING: 1
FAILED: 1
------------------------
[Sat Jul 12 16:52:00 EAT 2025]
ERROR: 2
WARNING: 1
FAILED: 1
------------------------
[Sat Jul 12 16:53:00 EAT 2025]
ERROR: 2
WARNING: 1
FAILED: 1
------------------------
[Sat Jul 12 16:54:00 EAT 2025]
ERROR: 2
WARNING: 1
FAILED: 1
------------------------
[Sat Jul 12 16:55:00 EAT 2025]
ERROR: 2
WARNING: 1
FAILED: 1
------------------------
[Sat Jul 12 16:56:00 EAT 2025]
ERROR: 2
WARNING: 1
FAILED: 1
------------------------
[Sat Jul 12 16:57:00 EAT 2025]
ERROR: 2
WARNING: 1
FAILED: 1
------------------------
[Sat Jul 12 16:58:00 EAT 2025]
ERROR: 2
WARNING: 1
FAILED: 1
------------------------
[Sat Jul 12 16:59:00 EAT 2025]
ERROR: 2
WARNING: 1
FAILED: 1
------------------------
[Sat Jul 12 17:00:00 EAT 2025]
ERROR: 2
WARNING: 1
FAILED: 1
------------------------
[Sat Jul 12 17:01:00 EAT 2025]
ERROR: 2
WARNING: 1
FAILED: 1
------------------------
[Sat Jul 12 17:02:00 EAT 2025]
ERROR: 2
WARNING: 1
FAILED: 1
------------------------
[Sat Jul 12 17:03:00 EAT 2025]
ERROR: 2
WARNING: 1
FAILED: 1
------------------------
[Sat Jul 12 17:04:00 EAT 2025]
ERROR: 2
WARNING: 1
FAILED: 1
------------------------
[Sat Jul 12 17:05:00 EAT 2025]
ERROR: 2
WARNING: 1
FAILED: 1
------------------------
[Sat Jul 12 17:06:00 EAT 2025]
ERROR: 2
WARNING: 1
FAILED: 1
------------------------
[Sat Jul 12 17:07:00 EAT 2025]
ERROR: 2
WARNING: 1
FAILED: 1
------------------------
[Sat Jul 12 17:08:00 EAT 2025]
ERROR: 2
WARNING: 1
FAILED: 1
------------------------
[Sat Jul 12 17:09:01 EAT 2025]
ERROR: 2
WARNING: 1
FAILED: 1
------------------------
